<?xml version="1.0" encoding="UTF-8" ?>
<testsuites name="vitest tests" tests="1" failures="0" errors="0" time="0.767">
    <testsuite name="src/App.test.tsx" timestamp="2024-07-30T11:45:30.616Z" hostname="IN-KA-F220DE" tests="1" failures="0" errors="0" skipped="0" time="0.02">
        <testcase classname="src/App.test.tsx" name="renders learn react link" time="0.019">
        </testcase>
    </testsuite>
</testsuites>
