<?xml version="1.0" encoding="UTF-8" ?>
<testsuites name="vitest tests" tests="1" failures="1" errors="0" time="0.657">
    <testsuite name="src/App.test.js" timestamp="2024-07-30T11:36:06.212Z" hostname="IN-KA-F220DE" tests="1" failures="1" errors="0" skipped="0" time="0">
        <testcase classname="src/App.test.js" name="src/App.test.js" time="0">
            <failure message="Expression expected" type="Error">
Error: Expression expected
 ❯ getRollupError node_modules/rollup/dist/es/shared/parseAst.js:392:41
 ❯ convertProgram node_modules/rollup/dist/es/shared/parseAst.js:1056:26
 ❯ parseAstAsync node_modules/rollup/dist/es/shared/parseAst.js:1910:93
 ❯ ssrTransformScript node_modules/vite/dist/node/chunks/dep-mCdpKltl.js:52060:11

            </failure>
        </testcase>
    </testsuite>
</testsuites>
