<?xml version="1.0" encoding="UTF-8"?>
<testsuites name="jest tests" tests="1" failures="0" errors="0" time="0.641">
  <testsuite name="undefined" errors="0" failures="0" skipped="0" timestamp="2024-07-30T12:26:51" time="0.242" tests="1">
    <testcase classname=" renders learn react link" name=" renders learn react link" time="0.017" file="src/App.test.tsx">
    </testcase>
  </testsuite>
</testsuites>