<?xml version="1.0" encoding="UTF-8"?>
<testsuites name="jest tests" tests="2" failures="0" errors="0" time="0.731">
  <testsuite name="undefined" errors="0" failures="0" skipped="0" timestamp="2024-07-31T07:16:37" time="0.237" tests="1">
    <testcase classname=" renders Main component" name=" renders Main component" time="0.014" file="src/components/Main.test.tsx">
    </testcase>
  </testsuite>
  <testsuite name="undefined" errors="0" failures="0" skipped="0" timestamp="2024-07-31T07:16:38" time="0.053" tests="1">
    <testcase classname=" renders learn react link" name=" renders learn react link" time="0.005" file="src/App.test.tsx">
    </testcase>
  </testsuite>
</testsuites>